TN:
SF:src\domain\entities\Place.ts
FN:3,(anonymous_0)
FN:14,(anonymous_1)
FNF:2
FNH:2
FNDA:7,(anonymous_0)
FNDA:3,(anonymous_1)
DA:2,3
DA:4,7
DA:5,7
DA:6,7
DA:7,7
DA:8,7
DA:9,7
DA:10,7
DA:11,7
DA:15,3
LF:10
LH:10
BRDA:9,0,0,1
BRDA:10,1,0,3
BRDA:20,2,0,3
BRDA:20,2,1,2
BRDA:20,2,2,1
BRDA:20,2,3,1
BRDA:21,3,0,3
BRDA:21,3,1,2
BRDA:21,3,2,1
BRDA:21,3,3,1
BRDA:24,4,0,3
BRDA:24,4,1,2
BRF:12
BRH:12
end_of_record
TN:
SF:src\interface\controllers\placeController.ts
FN:17,(anonymous_0)
FN:28,(anonymous_1)
FN:34,(anonymous_2)
FN:43,(anonymous_3)
FN:53,(anonymous_4)
FN:63,(anonymous_5)
FN:73,(anonymous_6)
FN:89,(anonymous_7)
FN:116,(anonymous_8)
FN:134,(anonymous_9)
FNF:10
FNH:10
FNDA:16,(anonymous_0)
FNDA:2,(anonymous_1)
FNDA:1,(anonymous_2)
FNDA:2,(anonymous_3)
FNDA:2,(anonymous_4)
FNDA:2,(anonymous_5)
FNDA:2,(anonymous_6)
FNDA:2,(anonymous_7)
FNDA:2,(anonymous_8)
FNDA:2,(anonymous_9)
DA:2,1
DA:3,1
DA:4,1
DA:5,1
DA:6,1
DA:16,1
DA:18,16
DA:19,16
DA:20,16
DA:21,16
DA:22,16
DA:23,16
DA:24,16
DA:25,16
DA:29,2
DA:30,2
DA:32,2
DA:33,1
DA:34,1
DA:36,1
DA:39,1
DA:40,1
DA:44,2
DA:46,1
DA:47,0
DA:50,1
DA:54,2
DA:56,2
DA:57,1
DA:60,1
DA:64,2
DA:66,2
DA:67,1
DA:70,1
DA:74,2
DA:76,2
DA:77,1
DA:80,1
DA:82,1
DA:83,0
DA:86,1
DA:90,2
DA:92,2
DA:93,1
DA:96,1
DA:97,1
DA:98,1
DA:100,1
DA:101,0
DA:104,1
DA:109,1
DA:110,0
DA:113,1
DA:117,2
DA:119,2
DA:120,0
DA:123,2
DA:124,2
DA:125,1
DA:127,1
DA:128,1
DA:130,0
DA:135,2
DA:137,2
DA:138,1
DA:141,1
LF:66
LH:60
BRDA:32,0,0,1
BRDA:32,0,1,1
BRDA:34,1,0,1
BRDA:34,1,1,0
BRDA:46,2,0,0
BRDA:46,2,1,1
BRDA:56,3,0,1
BRDA:56,3,1,1
BRDA:56,4,0,2
BRDA:56,4,1,2
BRDA:66,5,0,1
BRDA:66,5,1,1
BRDA:66,6,0,2
BRDA:66,6,1,2
BRDA:76,7,0,1
BRDA:76,7,1,1
BRDA:82,8,0,0
BRDA:82,8,1,1
BRDA:82,9,0,1
BRDA:82,9,1,1
BRDA:92,10,0,1
BRDA:92,10,1,1
BRDA:92,11,0,2
BRDA:92,11,1,2
BRDA:92,11,2,2
BRDA:100,12,0,0
BRDA:100,12,1,1
BRDA:100,13,0,1
BRDA:100,13,1,1
BRDA:100,13,2,1
BRDA:109,14,0,0
BRDA:109,14,1,1
BRDA:109,15,0,1
BRDA:109,15,1,1
BRDA:119,16,0,0
BRDA:119,16,1,2
BRDA:119,17,0,2
BRDA:119,17,1,2
BRDA:127,18,0,1
BRDA:127,18,1,0
BRDA:137,19,0,1
BRDA:137,19,1,1
BRF:42
BRH:35
end_of_record
TN:
SF:src\interface\dto\CreatePlaceDto.ts
FN:28,(anonymous_1)
FN:39,(anonymous_2)
FNF:2
FNH:2
FNDA:8,(anonymous_1)
FNDA:8,(anonymous_2)
DA:2,2
DA:3,2
DA:5,2
DA:7,2
DA:10,2
DA:13,2
DA:16,2
DA:20,2
DA:24,2
DA:27,2
DA:29,8
DA:30,8
DA:31,8
DA:32,8
DA:33,8
DA:34,8
DA:35,8
DA:36,8
DA:40,8
LF:19
LH:19
BRDA:34,0,0,1
BRF:1
BRH:1
end_of_record
TN:
SF:src\interface\errors\BadRequestError.ts
FN:6,(anonymous_0)
FN:10,(anonymous_1)
FNF:2
FNH:1
FNDA:3,(anonymous_0)
FNDA:0,(anonymous_1)
DA:1,1
DA:3,1
DA:4,3
DA:6,3
DA:7,3
DA:11,0
LF:6
LH:5
BRF:0
BRH:0
end_of_record
TN:
SF:src\interface\errors\BaseError.ts
FN:4,(anonymous_0)
FNF:1
FNH:1
FNDA:9,(anonymous_0)
DA:1,2
DA:5,9
DA:6,9
DA:7,9
LF:4
LH:4
BRF:0
BRH:0
end_of_record
TN:
SF:src\interface\errors\NotFoundError.ts
FN:6,(anonymous_0)
FN:11,(anonymous_1)
FNF:2
FNH:1
FNDA:6,(anonymous_0)
FNDA:0,(anonymous_1)
DA:1,2
DA:3,2
DA:4,6
DA:6,6
DA:7,6
DA:8,6
DA:12,0
LF:7
LH:6
BRF:0
BRH:0
end_of_record
TN:
SF:src\shared\types.ts
FN:1,(anonymous_0)
FN:4,(anonymous_1)
FN:10,(anonymous_2)
FN:16,(anonymous_3)
FN:22,(anonymous_4)
FN:30,(anonymous_5)
FN:45,(anonymous_6)
FN:51,(anonymous_7)
FN:59,(anonymous_8)
FN:65,(anonymous_9)
FNF:10
FNH:10
FNDA:6,(anonymous_0)
FNDA:6,(anonymous_1)
FNDA:6,(anonymous_2)
FNDA:6,(anonymous_3)
FNDA:6,(anonymous_4)
FNDA:6,(anonymous_5)
FNDA:6,(anonymous_6)
FNDA:6,(anonymous_7)
FNDA:6,(anonymous_8)
FNDA:6,(anonymous_9)
DA:1,6
DA:4,6
DA:5,6
DA:6,6
DA:7,6
DA:10,6
DA:11,6
DA:12,6
DA:13,6
DA:16,6
DA:17,6
DA:18,6
DA:19,6
DA:22,6
DA:23,6
DA:24,6
DA:25,6
DA:26,6
DA:30,6
DA:31,6
DA:32,6
DA:33,6
DA:34,6
DA:45,6
DA:46,6
DA:47,6
DA:51,6
DA:52,6
DA:53,6
DA:54,6
DA:55,6
DA:56,6
DA:59,6
DA:60,6
DA:61,6
DA:62,6
DA:65,6
DA:66,6
DA:67,6
DA:68,6
LF:40
LH:40
BRDA:1,0,0,6
BRDA:1,0,1,6
BRDA:4,1,0,6
BRDA:4,1,1,6
BRDA:10,2,0,6
BRDA:10,2,1,6
BRDA:16,3,0,6
BRDA:16,3,1,6
BRDA:22,4,0,6
BRDA:22,4,1,6
BRDA:30,5,0,6
BRDA:30,5,1,6
BRDA:45,6,0,6
BRDA:45,6,1,6
BRDA:51,7,0,6
BRDA:51,7,1,6
BRDA:59,8,0,6
BRDA:59,8,1,6
BRDA:65,9,0,6
BRDA:65,9,1,6
BRF:20
BRH:20
end_of_record
TN:
SF:src\use-cases\places\CreatePlace.ts
FN:6,(anonymous_0)
FN:8,(anonymous_1)
FNF:2
FNH:2
FNDA:2,(anonymous_0)
FNDA:2,(anonymous_1)
DA:5,1
DA:6,2
DA:9,2
LF:3
LH:3
BRDA:14,0,0,2
BRDA:14,0,1,1
BRF:2
BRH:2
end_of_record
TN:
SF:src\use-cases\places\GetPlaceById.ts
FN:6,(anonymous_0)
FN:8,(anonymous_1)
FNF:2
FNH:2
FNDA:2,(anonymous_0)
FNDA:2,(anonymous_1)
DA:3,1
DA:5,1
DA:6,2
DA:9,2
DA:10,2
DA:11,1
DA:13,1
LF:7
LH:7
BRDA:10,0,0,1
BRDA:10,0,1,1
BRF:2
BRH:2
end_of_record
